Arguments: 
  /Users/sera/.nvm/versions/node/v16.13.2/bin/node /Users/sera/.nvm/versions/node/v16.13.2/bin/yarn

PATH: 
  /Users/sera/.nvm/versions/node/v16.13.2/bin:/usr/local/bin:/usr/bin:/bin:/usr/sbin:/sbin:/usr/local/share/dotnet:~/.dotnet/tools:/Library/Frameworks/Mono.framework/Versions/Current/Commands

Yarn version: 
  1.22.18

Node version: 
  16.13.2

Platform: 
  darwin x64

Trace: 
  Error: https://registry.yarnpkg.com/@codestates-cc%2fsubmission-npm: Not found
      at Request.params.callback [as _callback] (/Users/sera/.nvm/versions/node/v16.13.2/lib/node_modules/yarn/lib/cli.js:66138:18)
      at Request.self.callback (/Users/sera/.nvm/versions/node/v16.13.2/lib/node_modules/yarn/lib/cli.js:140883:22)
      at Request.emit (node:events:390:28)
      at Request.<anonymous> (/Users/sera/.nvm/versions/node/v16.13.2/lib/node_modules/yarn/lib/cli.js:141855:10)
      at Request.emit (node:events:390:28)
      at IncomingMessage.<anonymous> (/Users/sera/.nvm/versions/node/v16.13.2/lib/node_modules/yarn/lib/cli.js:141777:12)
      at Object.onceWrapper (node:events:509:28)
      at IncomingMessage.emit (node:events:402:35)
      at endReadableNT (node:internal/streams/readable:1343:12)
      at processTicksAndRejections (node:internal/process/task_queues:83:21)

npm manifest: 
  {
    "name": "cli-practice",
    "version": "1.0.0",
    "description": "",
    "main": "index.js",
    "scripts": {
      "start": "",
      "test": "mocha getListMultiplesOfTwo.test.js",
      "report": "mocha getListMultiplesOfTwo.test.js --sort --reporter @mochajs/json-file-reporter",
      "submit": "codestates-submission"
    },
    "keywords": [],
    "author": "",
    "license": "ISC",
    "dependencies": {
      "@codestates-cc/submission-npm": "^1.1.3"
    },
    "devDependencies": {
      "@mochajs/json-file-reporter": "^1.3.0",
      "chai": "^4.3.4",
      "mocha": "^8.3.2"
    }
  }

yarn manifest: 
  No manifest

Lockfile: 
  No lockfile
